2023-09-20T18:48:52.342Z [info]: Server is listening on Port: 3000
2023-09-20T18:49:00.770Z [info]: In test express endpoint
2023-09-20T19:59:50.192Z [info]: Server is listening on Port: 3000
2023-09-20T20:00:12.138Z [info]: Trying to login
2023-09-20T20:00:12.139Z [info]: Failed to login because either no username or password
    or empty strings in those values
2023-09-20T20:00:53.621Z [info]: Server is listening on Port: 3000
2023-09-20T20:00:59.668Z [info]: Trying to login
2023-09-20T20:00:59.669Z [info]: Failed to login because either no username or password
    or empty strings in those values
2023-09-20T20:01:28.466Z [info]: Trying to login
2023-09-20T20:01:28.466Z [info]: Failed to login because either no username or password
    or empty strings in those values
2023-09-20T20:01:33.416Z [info]: Trying to login
2023-09-20T20:01:38.190Z [info]: Trying to login
2023-09-20T20:01:38.190Z [info]: Failed to login because either no username or password
    or empty strings in those values
2023-09-20T20:03:20.905Z [info]: Server is listening on Port: 3000
2023-09-20T20:03:26.912Z [info]: Trying to login
2023-09-20T20:07:47.020Z [info]: Server is listening on Port: 3000
2023-09-20T20:08:26.345Z [info]: Trying to login
2023-09-20T20:08:26.807Z [error]: Failed to get item from DyanamoDB
2023-09-20T20:09:17.330Z [info]: Trying to login
2023-09-20T20:09:17.732Z [error]: Failed to get item from DyanamoDB
2023-09-20T20:09:58.099Z [info]: Server is listening on Port: 3000
2023-09-20T20:10:04.011Z [info]: Trying to login
2023-09-20T20:10:04.011Z [error]: Failed to login because either no username or password
    or empty strings in those values
2023-09-20T20:10:07.864Z [info]: Trying to login
2023-09-20T20:10:08.315Z [error]: Failed to get item from DyanamoDB because invalid username
2023-09-20T20:12:03.457Z [info]: Server is listening on Port: 3000
2023-09-20T20:12:07.596Z [info]: Trying to login
2023-09-20T20:12:08.056Z [error]: Failed to get item from DyanamoDB because invalid username
2023-09-20T20:12:27.808Z [info]: Server is listening on Port: 3000
2023-09-20T20:12:29.365Z [info]: Trying to login
2023-09-20T20:12:29.822Z [error]: Failed to get item from DyanamoDB because invalid username
2023-09-20T20:15:19.717Z [info]: Server is listening on Port: 3000
2023-09-20T20:15:21.799Z [info]: Trying to login
2023-09-20T20:15:22.246Z [error]: Failed to get item from DyanamoDB because invalid username. Error ValidationException: The provided key element does not match the schema
2023-09-20T20:27:54.034Z [info]: Server is listening on Port: 3000
2023-09-20T20:28:00.751Z [info]: Trying to login
2023-09-20T20:28:00.756Z [error]: Failed to get item from DyanamoDB because invalid username. Error MissingRequiredParameter: Missing required key 'Key' in params
2023-09-20T20:28:42.417Z [info]: Server is listening on Port: 3000
2023-09-20T20:28:45.720Z [info]: Trying to login
2023-09-20T20:34:23.481Z [info]: Server is listening on Port: 3000
2023-09-20T20:34:26.291Z [info]: Trying to login
2023-09-20T20:34:26.741Z [error]: Failed to get item from DyanamoDB because invalid username. Error ValidationException: Either the KeyConditions or KeyConditionExpression parameter must be specified in the request.
2023-09-20T20:34:44.503Z [info]: Server is listening on Port: 3000
2023-09-20T20:34:46.293Z [info]: Trying to login
2023-09-20T20:34:46.747Z [error]: Failed to get item from DyanamoDB because invalid username. Error ValidationException: The provided key element does not match the schema
2023-09-20T20:39:36.083Z [info]: Server is listening on Port: 3000
2023-09-20T20:39:46.170Z [info]: Trying to login
2023-09-20T20:47:23.973Z [info]: Server is listening on Port: 3000
2023-09-20T20:47:31.961Z [info]: Trying to login
2023-09-20T20:48:56.332Z [info]: Trying to login
2023-09-20T20:48:56.333Z [error]: Failed to login because either no username or password
    or empty strings in those values
2023-09-20T20:49:06.646Z [info]: Trying to login
2023-09-20T20:52:13.863Z [info]: Server is listening on Port: 3000
2023-09-20T20:52:17.913Z [info]: Trying to login
2023-09-20T20:52:50.166Z [info]: Trying to login
2023-09-20T20:54:29.193Z [info]: Server is listening on Port: 3000
2023-09-20T20:54:33.438Z [info]: Trying to login
2023-09-20T20:54:43.942Z [info]: Trying to login
2023-09-20T21:00:33.788Z [info]: Trying to login
2023-09-20T21:01:55.306Z [info]: Server is listening on Port: 3000
2023-09-20T21:01:59.001Z [info]: Trying to login
2023-09-20T21:01:59.462Z [error]: This username does not exist: validName
2023-09-20T21:02:33.447Z [info]: Server is listening on Port: 3000
2023-09-20T21:02:34.568Z [info]: Trying to login
2023-09-20T21:02:35.006Z [error]: This username does not exist: validName
2023-09-20T21:02:40.089Z [info]: Trying to login
2023-09-20T21:02:40.089Z [error]: Failed to login because either no username or password
    or empty strings in those values
2023-09-20T21:02:49.422Z [info]: Trying to login
2023-09-20T21:02:54.828Z [info]: Trying to login
2023-09-20T21:02:54.829Z [error]: Failed to login because either no username or password
    or empty strings in those values
2023-09-20T21:02:57.846Z [info]: Trying to login
2023-09-20T21:02:58.239Z [error]: This username does not exist: validName
2023-09-20T21:03:07.203Z [info]: Trying to login
2023-09-20T21:03:07.204Z [error]: Failed to login because either no username or password
    or empty strings in those values
2023-09-20T21:03:53.278Z [info]: Server is listening on Port: 3000
2023-09-20T21:03:58.277Z [info]: Trying to login
2023-09-20T21:05:50.370Z [info]: Server is listening on Port: 3000
2023-09-20T21:05:57.510Z [info]: Trying to login
2023-09-20T21:06:04.013Z [info]: Trying to login
2023-09-20T21:10:35.899Z [info]: Server is listening on Port: 3000
2023-09-20T21:10:50.487Z [info]: Trying to login
2023-09-20T21:10:50.927Z [info]: Succesfull login
2023-09-20T21:12:02.888Z [info]: Trying to login
2023-09-20T21:18:07.729Z [info]: Server is listening on Port: 3000
2023-09-20T21:18:12.093Z [info]: Trying to login
2023-09-20T21:18:12.094Z [error]: Failed to login because either no username or password
    or empty strings in those values
2023-09-20T21:18:17.649Z [info]: Trying to login
2023-09-20T21:18:21.117Z [info]: Trying to login
2023-09-20T21:18:21.402Z [info]: Succesfull login
2023-09-20T21:43:05.140Z [info]: Server is listening on Port: 3000
2023-09-20T21:44:57.422Z [info]: Trying to register
2023-09-20T21:44:57.861Z [error]: Trying to create account with a used username
2023-09-20T21:46:41.455Z [info]: Server is listening on Port: 3000
2023-09-20T21:47:23.590Z [info]: Trying to register
2023-09-20T21:47:24.020Z [error]: Trying to create account with a used username
2023-09-21T02:59:22.842Z [info]: Server is listening on Port: 3000
2023-09-21T02:59:34.738Z [info]: Trying to register
2023-09-21T02:59:35.486Z [info]: Successful POST:
 {"username":"Alex","password":"123456","valid":true}
2023-09-21T03:00:58.233Z [info]: Trying to register
2023-09-21T03:00:58.644Z [error]: Couldn't create user because username already taken: Alex
2023-09-21T03:03:12.039Z [info]: Trying to register
2023-09-21T03:03:12.460Z [error]: Couldn't create user because username already taken: Alex
2023-09-21T03:03:18.335Z [info]: Trying to register
2023-09-21T03:03:18.335Z [error]: Failed to register because either no username or password
    or empty strings in those values
2023-09-21T03:03:37.074Z [info]: Trying to register
2023-09-21T03:03:37.075Z [error]: Failed to register because either no username or password
    or empty strings in those values
2023-09-21T03:03:48.816Z [info]: Trying to register
2023-09-21T03:03:48.816Z [error]: Failed to register because either no username or password
    or empty strings in those values
2023-09-21T03:04:14.745Z [info]: Trying to register
2023-09-21T03:04:14.746Z [error]: Failed to register because either no username or password
    or empty strings in those values
2023-09-21T03:04:22.471Z [info]: Trying to register
2023-09-21T03:04:22.882Z [error]: Couldn't create user because username already taken: Alex
2023-09-21T03:17:58.858Z [info]: Server is listening on Port: 3000
2023-09-21T03:18:05.986Z [info]: Trying to register
2023-09-21T03:18:06.765Z [info]: Successful POST:
 {"username":"Alex1","password":"123456","valid":true}
2023-09-21T03:19:56.274Z [info]: Server is listening on Port: 3000
2023-09-21T03:20:02.914Z [info]: Trying to register
2023-09-21T03:20:03.645Z [info]: Failed to add item to dynamoDB
2023-09-21T03:20:40.064Z [info]: Server is listening on Port: 3000
2023-09-21T03:20:44.658Z [info]: Trying to register
2023-09-21T03:20:45.504Z [info]: Failed to add item to dynamoDB: ValidationException: ReturnValues can only be ALL_OLD or NONE
2023-09-21T03:21:04.304Z [info]: Server is listening on Port: 3000
2023-09-21T03:21:08.489Z [info]: Trying to register
2023-09-21T03:21:09.226Z [info]: Successful POST:
 {"username":"Alex13","password":"123456","valid":true}
2023-09-21T05:22:11.583Z [info]: Server is listening on Port: 3000
2023-09-21T05:22:15.736Z [info]: Trying to post tickets
2023-09-21T05:22:15.736Z [error]: Failed to post ticket because: undefined
2023-09-21T05:23:59.027Z [info]: Server is listening on Port: 3000
2023-09-21T05:24:01.194Z [info]: Trying to post tickets
2023-09-21T05:24:01.195Z [error]: Failed to post ticket because: undefined
2023-09-21T05:24:44.921Z [info]: Server is listening on Port: 3000
2023-09-21T05:24:46.361Z [info]: Trying to post tickets
2023-09-21T05:24:46.361Z [error]: Failed to post ticket because: undefined
2023-09-21T05:25:34.611Z [info]: Server is listening on Port: 3000
2023-09-21T05:25:41.542Z [info]: Trying to post tickets
2023-09-21T05:25:41.542Z [error]: Failed to post ticket because: Invalid ticket because No amount in ticket or no amount attribute, andNo description in message or no description in message
2023-09-21T05:26:01.863Z [info]: Server is listening on Port: 3000
2023-09-21T05:26:10.768Z [info]: Trying to post tickets
2023-09-21T05:26:10.769Z [error]: Failed to post ticket because: Invalid ticket because No amount in ticket or no amount attribute, and No description in message or no description in message
2023-09-21T05:26:16.525Z [info]: Trying to post tickets
2023-09-21T05:26:16.525Z [error]: Failed to post ticket because: Invalid ticket because No description in message or no description in message
2023-09-21T05:26:41.493Z [info]: Server is listening on Port: 3000
2023-09-21T05:26:43.564Z [info]: Trying to post tickets
2023-09-21T05:26:43.565Z [error]: Failed to post ticket because: No description in message or no description in message
2023-09-21T05:26:52.166Z [info]: Trying to post tickets
2023-09-21T05:26:52.166Z [error]: Failed to post ticket because: No amount in ticket or no amount attribute, and No description in message or no description in message
2023-09-21T05:47:34.283Z [info]: Server is listening on Port: 3000
2023-09-21T05:47:41.698Z [info]: Trying to post tickets
2023-09-21T05:47:41.698Z [error]: Failed to post ticket because: No amount in ticket or no amount attribute, and No description in message or no description in message
2023-09-21T05:48:54.823Z [info]: Trying to post tickets
2023-09-21T05:48:55.310Z [info]: Successful POST:
 {"author":"Alex","amount":"324","desc":"Testing desc","valid":true}
2023-09-21T05:49:56.984Z [info]: Trying to post tickets
2023-09-21T05:49:57.391Z [info]: Successful POST:
 {"author":"Alex","amount":"324","desc":"traveled outside","type":"travel","valid":true}
2023-09-21T05:51:06.366Z [info]: Trying to post tickets
2023-09-21T05:51:06.769Z [info]: Successful POST:
 {"author":"Alex","amount":98789,"desc":"traveled to paris","valid":true}
2023-09-21T05:51:40.939Z [info]: Server is listening on Port: 3000
2023-09-21T06:05:02.924Z [info]: Server is listening on Port: 3000
2023-09-21T06:05:20.003Z [info]: Trying to post tickets
2023-09-21T06:05:20.465Z [info]: Successful POST:
 {"author":"Alex","amount":989,"desc":"traveled to chicago","valid":true}
2023-09-21T06:20:34.027Z [info]: Server is listening on Port: 3000
2023-09-21T06:21:03.737Z [info]: Server is listening on Port: 3000
2023-09-21T06:24:04.739Z [info]: Server is listening on Port: 3000
2023-09-21T06:24:07.566Z [error]: Failed to get tickets, need query parameter status with values: approved, denied, pending
2023-09-21T06:36:39.558Z [info]: Server is listening on Port: 3000
2023-09-21T06:36:46.815Z [error]: Failed to get tickets, need query parameter status with values: approved, denied, pending
2023-09-21T06:36:53.171Z [error]: DynamoDB failed to get tickets
ValidationException: Query condition missed key schema element: ticket_id
2023-09-21T06:50:30.778Z [info]: Trying to post tickets
2023-09-21T06:50:31.242Z [info]: Successful POST:
 {"author":"Bob","amount":9849,"desc":"traveled to vegas","valid":true}
2023-09-21T15:08:43.301Z [info]: Server is listening on Port: 3000
2023-09-21T15:09:12.260Z [info]: Trying to post tickets
2023-09-21T15:09:12.260Z [error]: Failed to post ticket because: No amount in ticket or no amount attribute, and No description in message or no description in message
2023-09-21T15:09:38.883Z [info]: Trying to post tickets
2023-09-21T15:09:38.883Z [error]: Failed to post ticket because: No description in message or no description in message
2023-09-21T15:09:55.293Z [info]: Trying to post tickets
2023-09-21T15:09:55.293Z [error]: Failed to post ticket because: No amount in ticket or no amount attribute
2023-09-21T18:31:17.807Z [info]: Server is listening on Port: 3000
2023-09-21T18:31:26.268Z [info]: Trying to login
2023-09-21T18:31:26.711Z [info]: Succesfull login, current user {"password":"123456","username":"managerUser","role":"manager"}
2023-09-21T18:40:08.702Z [info]: Server is listening on Port: 3000
2023-09-21T18:40:11.989Z [info]: Trying to login
2023-09-21T18:40:12.481Z [info]: Succesfull login, current user {"password":"123456","username":"managerUser","role":"manager"}
2023-09-21T18:45:33.189Z [info]: Server is listening on Port: 3000
2023-09-21T18:45:54.144Z [info]: Trying to register
2023-09-21T18:45:54.883Z [info]: Failed to add user to dynamoDB: ReferenceError: user is not defined
2023-09-21T18:47:13.930Z [info]: Trying to register
2023-09-21T18:47:14.319Z [error]: Couldn't create user because username already taken: TigerKing
2023-09-21T18:47:57.490Z [info]: Trying to register
2023-09-21T18:47:58.215Z [info]: Failed to add user to dynamoDB: ReferenceError: user is not defined
2023-09-21T18:55:39.638Z [info]: Server is listening on Port: 3000
2023-09-21T18:55:52.413Z [info]: Trying to register
2023-09-21T18:55:52.864Z [error]: Couldn't create user because username already taken: Tyson
2023-09-21T18:56:26.060Z [info]: Server is listening on Port: 3000
2023-09-21T18:56:32.207Z [info]: Trying to register
2023-09-21T18:56:32.637Z [error]: Couldn't create user because username already taken: Tyson
2023-09-21T18:57:22.801Z [info]: Trying to register
2023-09-21T18:57:23.496Z [info]: Failed to add user to dynamoDB: ReferenceError: user is not defined
2023-09-21T18:59:42.474Z [info]: Server is listening on Port: 3000
2023-09-21T18:59:44.587Z [info]: Trying to register
2023-09-21T18:59:45.341Z [info]: Failed to add user to dynamoDB: ReferenceError: user is not defined
2023-09-21T19:10:17.677Z [info]: Server is listening on Port: 3000
2023-09-21T19:10:32.267Z [info]: Trying to register
2023-09-21T19:10:33.016Z [info]: Successful POST:
 {"username":"decker","password":"unicorn","valid":true}
2023-09-21T19:20:31.187Z [info]: Server is listening on Port: 3000
2023-09-21T19:20:32.553Z [info]: Trying to login
2023-09-21T19:20:32.987Z [info]: Succesfull login, current user {"password":"unicorn","username":"decker","role":"employee"}
2023-09-21T19:21:40.282Z [info]: Trying to login
2023-09-21T19:21:40.713Z [info]: Succesfull login, current user {"password":"123456","username":"managerUser","role":"manager"}
2023-09-21T19:21:44.428Z [info]: Trying to login
2023-09-21T19:21:44.727Z [error]: Username and password do not match
2023-09-21T19:21:48.215Z [info]: Trying to login
2023-09-21T19:21:48.647Z [info]: Succesfull login, current user {"password":"123456","username":"managerUser","role":"manager"}
2023-09-21T20:23:39.748Z [info]: Server is listening on Port: 3000
2023-09-21T20:23:45.215Z [info]: Attempting to GET in ticketRouter
2023-09-21T20:23:45.216Z [error]: Error because undefined
2023-09-21T20:24:23.876Z [info]: Server is listening on Port: 3000
2023-09-21T20:25:01.506Z [info]: Trying to login
2023-09-21T20:25:01.988Z [info]: Succesfull login, current user {"password":"123456","username":"managerUser","role":"manager"}
2023-09-21T20:25:35.409Z [info]: Attempting to GET in ticketRouter
2023-09-21T20:25:35.410Z [error]: Error because undefined
2023-09-21T20:27:26.008Z [info]: Server is listening on Port: 3000
2023-09-21T20:27:27.585Z [info]: Attempting to GET in ticketRouter
2023-09-21T20:27:27.585Z [error]: Error because undefined
2023-09-21T20:28:59.055Z [info]: Server is listening on Port: 3000
2023-09-21T20:29:00.615Z [info]: Attempting to GET in ticketRouter
2023-09-21T20:29:00.616Z [error]: Error because undefined
2023-09-21T20:29:53.926Z [info]: Server is listening on Port: 3000
2023-09-21T20:29:56.792Z [info]: Attempting to GET in ticketRouter
2023-09-21T20:29:56.792Z [error]: Error because undefined
2023-09-21T20:30:15.829Z [info]: Server is listening on Port: 3000
2023-09-21T20:30:18.746Z [info]: Attempting to GET in ticketRouter
2023-09-21T20:30:18.747Z [error]: Error because undefined
2023-09-21T20:31:09.743Z [info]: Server is listening on Port: 3000
2023-09-21T20:31:12.787Z [info]: Attempting to GET in ticketRouter
2023-09-21T20:31:12.787Z [error]: Error because undefined
2023-09-21T20:34:20.205Z [info]: Server is listening on Port: 3000
2023-09-21T20:34:24.301Z [info]: Attempting to GET in ticketRouter
2023-09-21T20:34:24.302Z [error]: Error because undefined
2023-09-21T20:36:11.132Z [info]: Server is listening on Port: 3000
2023-09-21T20:36:13.764Z [info]: Attempting to GET in ticketRouter
2023-09-21T20:36:13.765Z [error]: Error because undefined
2023-09-21T20:36:40.698Z [info]: Server is listening on Port: 3000
2023-09-21T20:37:17.251Z [info]: Server is listening on Port: 3000
2023-09-21T20:37:19.100Z [info]: Attempting to GET in ticketRouter
2023-09-21T20:37:39.757Z [info]: Server is listening on Port: 3000
2023-09-21T20:37:47.764Z [info]: Attempting to GET in ticketRouter
2023-09-21T20:38:05.059Z [info]: Attempting to GET in ticketRouter
2023-09-21T20:46:16.856Z [info]: Server is listening on Port: 3000
2023-09-21T20:46:23.009Z [info]: Attempting to GET in ticketRouter
2023-09-21T20:46:23.010Z [error]: Error because undefined
2023-09-21T20:47:52.611Z [info]: Server is listening on Port: 3000
2023-09-21T20:47:54.725Z [info]: Attempting to GET in ticketRouter
2023-09-21T20:48:34.170Z [info]: Server is listening on Port: 3000
2023-09-21T20:48:38.164Z [info]: Attempting to GET in ticketRouter
2023-09-21T21:18:36.142Z [info]: Server is listening on Port: 3000
2023-09-21T21:18:39.580Z [info]: Attempting to GET in ticketRouter
2023-09-21T21:18:57.769Z [info]: Attempting to GET in ticketRouter
2023-09-21T21:20:22.565Z [info]: Attempting to GET in ticketRouter
2023-09-21T21:21:43.391Z [info]: Attempting to GET in ticketRouter
2023-09-21T21:21:49.240Z [info]: Attempting to GET in ticketRouter
2023-09-21T21:21:49.241Z [error]: Error because No valid status in query parameters. Only accept, pending, approved, and denied
2023-09-21T21:21:54.168Z [info]: Attempting to GET in ticketRouter
2023-09-22T04:10:27.218Z [info]: Server is listening on Port: 3000
2023-09-22T04:10:51.547Z [info]: Trying to login
2023-09-22T04:10:52.018Z [info]: Succesfull login, current user {"password":"123456","username":"Alex","role":"employee"}
2023-09-22T04:11:42.274Z [info]: Attempting to GET in ticketRouter
2023-09-22T04:12:46.389Z [info]: Attempting to GET in ticketRouter
2023-09-22T04:12:57.350Z [info]: Attempting to GET in ticketRouter
2023-09-22T04:12:57.350Z [error]: Error because Need Authorization header with Bearer token
2023-09-22T04:13:04.395Z [info]: Attempting to GET in ticketRouter
2023-09-22T04:13:10.660Z [info]: Error with jwtUtil JsonWebTokenError: invalid token
2023-09-22T04:13:10.661Z [info]: Attempting to GET in ticketRouter
2023-09-22T04:13:10.661Z [error]: Error because No valid status in query parameters. Only accept, pending, approved, and denied
2023-09-22T04:13:19.438Z [info]: Attempting to GET in ticketRouter
2023-09-22T04:13:34.242Z [info]: Error with jwtUtil JsonWebTokenError: invalid token
2023-09-22T04:13:34.242Z [info]: Attempting to GET in ticketRouter
2023-09-22T04:13:34.242Z [error]: Error because No valid status in query parameters. Only accept, pending, approved, and denied
2023-09-22T04:13:44.334Z [info]: Attempting to GET in ticketRouter
2023-09-22T04:15:20.292Z [info]: Error with jwtUtil JsonWebTokenError: invalid token
2023-09-22T04:15:20.293Z [info]: Attempting to GET in ticketRouter
2023-09-22T04:15:20.293Z [error]: Error because No valid status in query parameters. Only accept, pending, approved, and denied
2023-09-22T04:16:46.946Z [info]: Attempting to GET in ticketRouter
2023-09-22T04:16:46.947Z [error]: Error because Need Authorization header with Bearer token
2023-09-22T04:16:51.435Z [info]: Attempting to GET in ticketRouter
2023-09-22T04:16:59.255Z [info]: Error with jwtUtil JsonWebTokenError: invalid signature
2023-09-22T04:16:59.255Z [info]: Attempting to GET in ticketRouter
2023-09-22T04:16:59.256Z [error]: Error because No valid status in query parameters. Only accept, pending, approved, and denied
2023-09-22T04:17:15.104Z [info]: Server is listening on Port: 3000
2023-09-22T04:17:17.979Z [info]: Attempting to GET in ticketRouter
2023-09-22T04:17:25.196Z [info]: Error with jwtUtil JsonWebTokenError: invalid token
2023-09-22T04:17:25.196Z [info]: Attempting to GET in ticketRouter
2023-09-22T04:17:25.197Z [error]: Error because No valid status in query parameters. Only accept, pending, approved, and denied. If just doing GET then means you have invalid token
2023-09-22T04:17:34.902Z [info]: Attempting to GET in ticketRouter
2023-09-22T04:20:07.802Z [info]: Attempting to GET in ticketRouter
2023-09-22T04:20:14.048Z [info]: Attempting to GET in ticketRouter
2023-09-22T04:20:23.625Z [info]: Attempting to GET in ticketRouter
2023-09-22T04:23:20.173Z [info]: Server is listening on Port: 3000
2023-09-22T04:23:23.065Z [info]: Attempting to GET in ticketRouter
2023-09-22T04:23:23.522Z [info]: Successfully retreived all tickets for user Alex
2023-09-22T04:23:33.341Z [info]: Attempting to GET in ticketRouter
2023-09-22T04:24:31.538Z [info]: Server is listening on Port: 3000
2023-09-22T04:24:34.162Z [info]: Attempting to GET in ticketRouter
